INFO:root:Account created successfully
INFO:root:user Sara_Nasher sigend up successfully.
INFO:root:Account created successfully
INFO:root:user Setayesh sigend up successfully.
INFO:root:Account created successfully
INFO:root:user IUST sigend up successfully.
INFO:root:Account created successfully
INFO:root:user test_user sigend up successfully.
INFO:root:Login successful!
INFO:root:Sara_Nasher created project ap successfully.
ERROR:root:Erorr: Project ID 1 already exists!
INFO:root:Sara_Nasher created project trellomize successfully.
INFO:root:Member 'Setayesh' added to project 'ap' successfully.
INFO:root:Member 'IUST' added to project 'ap' successfully.
INFO:root:Member 'test_user' added to project 'ap' successfully.
INFO:root:Login successful!
INFO:root:Login successful!
ERROR:root:Erorr: Project ID 1 already exists!
ERROR:root:[bold red]Error: project trellomize Deletion canceled.[/bold red]
INFO:root:Sara_Nasher deleted project trellomize successfully.
ERROR:root:Error: Remove canceled.
INFO:root:Member 'test_user' removed from project 'ap' successfully.
INFO:root:Task created successfully!
INFO:root:Error: You don't have any tasks in your project.
INFO:root:label of task {'task_id': '5f5ffb92-ce49-43d0-ae5b-f3718c01ac06', 'project_id': '1', 'label': 'Trellomize', 'title': 'trellomize', 'description': 'ad', 'deadline': '2024-05-28T21:28:07.270670', 'assignees': ['IUST'], 'priority': 'CRITICAL', 'status': 'BACKLOG', 'comments': [{'username': 'Sara_Nasher', 'comment': 'trellomize'}], 'created_at': '2024-05-27T21:28:19.869150'} changed to Trellomize
INFO:root:Sara_Nasher added a comment to {'task_id': '5f5ffb92-ce49-43d0-ae5b-f3718c01ac06', 'project_id': '1', 'label': 'Trellomize', 'title': 'trellomize', 'description': 'ad', 'deadline': '2024-05-28T21:28:07.270670', 'assignees': ['IUST'], 'priority': 'CRITICAL', 'status': 'BACKLOG', 'comments': [{'username': 'Sara_Nasher', 'comment': 'trellomize'}, {'username': 'Sara_Nasher', 'comment': 'salammmmm'}], 'created_at': '2024-05-27T21:28:19.869150'}
INFO:root:{'username': 'Sara_Nasher', 'comment': 'trellomize'} removed successfully.
INFO:root:Error: Task 5f5ffb92-ce49-43d0-ae5b-f3718c01ac06 not found.
INFO:root:Task {'task_id': '5f5ffb92-ce49-43d0-ae5b-f3718c01ac06', 'project_id': '1', 'label': 'Trellomize', 'title': 'trellomize', 'description': 'ad', 'deadline': '2024-05-28T21:28:07.270670', 'assignees': ['IUST'], 'priority': 'CRITICAL', 'status': 'BACKLOG', 'comments': [{'username': 'Sara_Nasher', 'comment': 'salammmmm'}], 'created_at': '2024-05-27T21:28:19.869150'} saved and exited.
INFO:root:Login successful!
INFO:root:Task created successfully!
INFO:root:Error: Task deletion canceled.
INFO:root:Error: Invalid username or password!
INFO:root:Login successful!
INFO:root:Error: You do not have permission to delete tasks for this project.
INFO:root:Setayesh added a comment to {'task_id': '0524a307-8235-42af-a5b2-78c832901ede', 'project_id': '1', 'label': 'gorba', 'title': 'gorba', 'description': 'gorba', 'deadline': '2024-12-09T09:21:00', 'assignees': ['Setayesh', 'IUST'], 'priority': 'HIGH', 'status': 'DOING', 'comments': [{'username': 'Sara_Nasher', 'comment': 'gorbaaaaaaaaaaa'}, {'username': 'Setayesh', 'comment': 'doosssssstttt'}], 'created_at': '2024-05-27T21:34:41.153056'}
INFO:root:{'username': 'Setayesh', 'comment': 'doosssssstttt'} removed successfully.
INFO:root:Task 0524a307-8235-42af-a5b2-78c832901ede updated successfully.
INFO:root:Task {'task_id': '0524a307-8235-42af-a5b2-78c832901ede', 'project_id': '1', 'label': 'gorba', 'title': 'gorba', 'description': 'gorba', 'deadline': '2024-12-09T09:21:00', 'assignees': ['Setayesh', 'IUST'], 'priority': 'HIGH', 'status': 'DOING', 'comments': [{'username': 'Sara_Nasher', 'comment': 'gorbaaaaaaaaaaa'}], 'created_at': '2024-05-27T21:34:41.153056'} saved and exited.
INFO:root:Setayesh created project TEST successfully.
INFO:root:Member 'Sara_Nasher' added to project 'TEST' successfully.
ERROR:root:Erorr: User 'user_test' not found!
INFO:root:Member 'test_user' added to project 'TEST' successfully.
INFO:root:Login successful!
INFO:root:IUST added a comment to {'task_id': '0524a307-8235-42af-a5b2-78c832901ede', 'project_id': '1', 'label': 'gorba', 'title': 'gorba', 'description': 'gorba', 'deadline': '2024-12-09T09:21:00', 'assignees': ['Setayesh', 'IUST'], 'priority': 'HIGH', 'status': 'DOING', 'comments': [{'username': 'Sara_Nasher', 'comment': 'gorbaaaaaaaaaaa'}, {'username': 'IUST', 'comment': 'koumaaaaaaaaaaaaaak'}], 'created_at': '2024-05-27T21:34:41.153056'}
INFO:root:IUST added a comment to {'task_id': '0524a307-8235-42af-a5b2-78c832901ede', 'project_id': '1', 'label': 'gorba', 'title': 'gorba', 'description': 'gorba', 'deadline': '2024-12-09T09:21:00', 'assignees': ['Setayesh', 'IUST'], 'priority': 'HIGH', 'status': 'DOING', 'comments': [{'username': 'Sara_Nasher', 'comment': 'gorbaaaaaaaaaaa'}, {'username': 'IUST', 'comment': 'koumaaaaaaaaaaaaaak'}, {'username': 'IUST', 'comment': 'heyyyyyyyyyyyyyy'}], 'created_at': '2024-05-27T21:34:41.153056'}
INFO:root:{'username': 'IUST', 'comment': 'heyyyyyyyyyyyyyy'} removed successfully.
INFO:root:IUST added a comment to {'task_id': '0524a307-8235-42af-a5b2-78c832901ede', 'project_id': '1', 'label': 'gorba', 'title': 'gorba', 'description': 'gorba', 'deadline': '2024-12-09T09:21:00', 'assignees': ['Setayesh', 'IUST'], 'priority': 'HIGH', 'status': 'DOING', 'comments': [{'username': 'Sara_Nasher', 'comment': 'gorbaaaaaaaaaaa'}, {'username': 'IUST', 'comment': 'koumaaaaaaaaaaaaaak'}, {'username': 'IUST', 'comment': 'heyyyyyyyyyyyyyyyyyy'}], 'created_at': '2024-05-27T21:34:41.153056'}
INFO:root:Error: Invalid username or password!
INFO:root:Error: Invalid input!
INFO:root:Login successful!
INFO:root:Sara_Nasher created project test1 successfully.
INFO:root:Login successful!
INFO:root:Login successful!
INFO:root:Error: Invalid username or password!
INFO:root:Login successful!
INFO:root:Error: No members selected for the task. You can add members later.
INFO:root:Task created successfully!
INFO:root:Error: Invalid choice.
ERROR:root:Invalid task selection.INFO:root:Error: Invalid email format!
INFO:root:Account created successfully
INFO:root:user q sigend up successfully.
INFO:root:Login successful!
INFO:root:q created project ap successfully.
INFO:root:Task 6c82d293-a091-4734-951c-39d7eec350a9 updated successfully.
INFO:root:Error: Task non_existent_task_id not found.
INFO:root:Task 6c82d293-a091-4734-951c-39d7eec350a9 updated successfully.
INFO:root:Error: Invalid date format. Please enter the date and time in the format YYYY-MM-DD HH:MM.
INFO:root:Error: Invalid date and time. It should be in the future.
INFO:root:Error: No members selected for the task. You can add members later.
INFO:root:Error: No members selected for the task. You can add members later.
INFO:root:Error: No members selected for the task. You can add members later.
INFO:root:Error: No members selected for the task. You can add members later.
INFO:root:Error: No members selected for the task. You can add members later.
INFO:root:Error: No members selected for the task. You can add members later.
INFO:root:Error: No members selected for the task. You can add members later.
INFO:root:Error: No members selected for the task. You can add members later.
ERROR:root:You do not have permission to delete tasks for this project.
ERROR:root:You don't have any tasks in your project.
ERROR:root:You do not have permission to delete tasks for this project.
ERROR:root:Invalid task selection.
ERROR:root:You do not have permission to delete tasks for this project.
ERROR:root:You don't have any tasks in your project.
ERROR:root:You do not have permission to delete tasks for this project.
ERROR:root:Invalid task selection.
INFO:root:Error: You are not associated with any projects.
INFO:root:Error: You are not associated with any projects.
INFO:root:Error: No members found for project {'title': 'test1', 'project_id': '2', 'owner': 'Sara_Nasher'}.
INFO:root:Error: No members found for project {'title': 'test1', 'project_id': '2', 'owner': 'Sara_Nasher'}.
ERROR:root: project ap Deletion canceled.
INFO:root:Sara_Nasher deleted project ap successfully.
ERROR:root:Error: Project ID does not exist!
ERROR:root:Error: Project ID does not exist!
ERROR:root:Error: Project ID does not exist!
ERROR:root:Error: Project ID does not exist!
ERROR:root:Error: Project non_existent_project does not exist!
ERROR:root:Error: Project non_existent_project does not exist!
ERROR:root:Error: Project ID does not exist!
ERROR:root:Error: Project ID does not exist!
ERROR:root:Error: Only the owner can add members to the project ID!
ERROR:root:Error: Only the owner can add members to the project ID!
ERROR:root:Error: Project non_existent_project does not exist!
ERROR:root:Error: Project non_existent_project does not exist!
ERROR:root:Error: Member non_existent_user does not exist!
ERROR:root:Error: Member non_existent_user does not exist!
ERROR:root:Error: Only the owner can add members to the project ID!
INFO:root:Member 'q' removed from project 'ap' successfully.
ERROR:root:Error: You are not the owner of project 'ap'!
ERROR:root:Error: You are not the owner of project 'ap'!
ERROR:root:Error: Project with ID 'non_existent_project' not found.
ERROR:root:Error: Project with ID 'non_existent_project' not found.
INFO:root:Member 'Setayesh' removed from project 'ap' successfully.
ERROR:root:Error: You are not the owner of project 'ap'!
ERROR:root:Error: You are not the owner of project 'ap'!
ERROR:root:Error: Project with ID 'non_existent_project' not found.
ERROR:root:Error: Project with ID 'non_existent_project' not found.
ERROR:root:Error: Remove canceled.
INFO:root:Member 'Setayesh' removed from project 'ap' successfully.
ERROR:root:Error: You are not the owner of project 'ap'!
ERROR:root:Error: You are not the owner of project 'ap'!
ERROR:root:Error: Project with ID 'non_existent_project' not found.
ERROR:root:Error: Project with ID 'non_existent_project' not found.
ERROR:root:Error: Remove canceled.
ERROR:root:Error: Only the owner can add members to the project ID!
ERROR:root:Error: Only the owner can add members to the project ID!
ERROR:root:Error: Project non_existent_project does not exist!
ERROR:root:Error: Project non_existent_project does not exist!
ERROR:root:Error: Member non_existent_user does not exist!
ERROR:root:Error: Member non_existent_user does not exist!
ERROR:root:Error: Only the owner can add members to the project ID!
ERROR:root:Error: Only the owner can add members to the project ID!
ERROR:root:Error: Only the owner can add members to the project ID!
ERROR:root:Error: Project non_existent_project does not exist!
ERROR:root:Error: Project non_existent_project does not exist!
ERROR:root:Error: Member non_existent_user does not exist!
ERROR:root:Error: Member non_existent_user does not exist!
ERROR:root:Error: Only the owner can add members to the project ID!
ERROR:root:Error: Only the owner can add members to the project ID!
ERROR:root:Error: Project non_existent_project does not exist!
ERROR:root:Error: Project non_existent_project does not exist!
ERROR:root:Error: Member non_existent_user does not exist!
ERROR:root:Error: Member non_existent_user does not exist!
INFO:root:user test_user sigend up successfully.
INFO:root:Error: Invalid username or password!
INFO:root:Error: Invalid input!
INFO:root:Account created successfully
INFO:root:user test_user sigend up successfully.
